c:\users\lenovo\downloads\20320552 (2)\20320552\cgv2\debug\vc143.pdb
c:\users\lenovo\downloads\20320552 (2)\20320552\cgv2\debug\vc143.idb
c:\users\lenovo\downloads\20320552 (2)\20320552\cgv2\debug\glad.obj
c:\users\lenovo\downloads\20320552 (2)\20320552\cgv2\debug\main.obj
g:\opengl-factory\debug\vc143.pdb
g:\opengl-factory\debug\vc143.idb
g:\opengl-factory\debug\glad.obj
g:\opengl-factory\debug\main.obj
c:\users\lenovo\downloads\20320552 (2)\20320552\cgv2\debug\20320552.ilk
c:\users\lenovo\downloads\20320552 (2)\20320552\cgv2\debug\20320552.exe
c:\users\lenovo\downloads\20320552 (2)\20320552\cgv2\debug\20320552.pdb
g:\opengl-factory\debug\20320552.exe
g:\opengl-factory\debug\20320552.ilk
g:\opengl-factory\debug\20320552.pdb
g:\opengl-factory\debug\20320552.tlog\cl.command.1.tlog
g:\opengl-factory\debug\20320552.tlog\cl.read.1.tlog
g:\opengl-factory\debug\20320552.tlog\cl.write.1.tlog
g:\opengl-factory\debug\20320552.tlog\link.command.1.tlog
g:\opengl-factory\debug\20320552.tlog\link.read.1.tlog
g:\opengl-factory\debug\20320552.tlog\link.write.1.tlog
